mode: set
github.com/Fish-pro/pprof-demo/pkg/split/split_test_back.go:8.29,11.33 3 0
github.com/Fish-pro/pprof-demo/pkg/split/split_test_back.go:11.33,13.3 1 0
github.com/Fish-pro/pprof-demo/pkg/split/split_test_back.go:16.30,19.33 3 0
github.com/Fish-pro/pprof-demo/pkg/split/split_test_back.go:19.33,21.3 1 0
github.com/Fish-pro/pprof-demo/pkg/split/split_test_back.go:24.30,27.33 3 0
github.com/Fish-pro/pprof-demo/pkg/split/split_test_back.go:27.33,29.3 1 0
github.com/Fish-pro/pprof-demo/pkg/split/split.go:8.43,11.16 3 1
github.com/Fish-pro/pprof-demo/pkg/split/split.go:18.2,18.14 1 1
github.com/Fish-pro/pprof-demo/pkg/split/split.go:21.2,21.12 1 1
github.com/Fish-pro/pprof-demo/pkg/split/split.go:11.16,12.23 1 1
github.com/Fish-pro/pprof-demo/pkg/split/split.go:15.3,16.33 2 1
github.com/Fish-pro/pprof-demo/pkg/split/split.go:12.23,14.4 1 1
github.com/Fish-pro/pprof-demo/pkg/split/split.go:18.14,20.3 1 1
